#
# A fatal error has been detected by the Java Runtime Environment:
#
#  SIGSEGV (0xb) at pc=0x000000010cfd3345, pid=97189, tid=0x000000000001420b
#
# JRE version: Java(TM) SE Runtime Environment (8.0_112-b16) (build 1.8.0_112-b16)
# Java VM: Java HotSpot(TM) 64-Bit Server VM (25.112-b16 mixed mode bsd-amd64 compressed oops)
# Problematic frame:
# C  [libawt_lwawt.dylib+0x1c345]  OGLSD_SetScratchSurface+0x53
#
# Failed to write core dump. Core dumps have been disabled. To enable core dumping, try "ulimit -c unlimited" before starting Java again
#
# If you would like to submit a bug report, please visit:
#   http://bugreport.java.com/bugreport/crash.jsp
# The crash happened outside the Java Virtual Machine in native code.
# See problematic frame for where to report the bug.
#

---------------  T H R E A D  ---------------

Current thread (0x00007fb9cc970800):  JavaThread "Java2D Queue Flusher" daemon [_thread_in_native, id=82443, stack(0x000070001085a000,0x000070001095a000)]

siginfo: si_signo: 11 (SIGSEGV), si_code: 1 (SEGV_MAPERR), si_addr: 0x0000000000000000

Registers:
RAX=0x00007fb9cb9bd038, RBX=0x00007fb9cb6edc60, RCX=0x00007fb9cb9bd040, RDX=0x000000010cff44f0
RSP=0x0000700010959830, RBP=0x0000700010959850, RSI=0x00007fb9cb6931e0, RDI=0x00007fb9cb9bd038
R8 =0x00000000f2ec3132, R9 =0xffffffff00000000, R10=0x000000010d6db978, R11=0x0000000000000020
R12=0x0000000000000000, R13=0x0000000797600748, R14=0x00007fb9cc9709f8, R15=0x0000000000000000
RIP=0x000000010cfd3345, EFLAGS=0x0000000000010206, ERR=0x0000000000000004
  TRAPNO=0x000000000000000e

Top of Stack: (sp=0x0000700010959830)
0x0000700010959830:   00007fb9cb6931e0 0000000000000000
0x0000700010959840:   00007fb9cc14de10 00007fb9cc970800
0x0000700010959850:   00007000109598d0 000000010cff3fce
0x0000700010959860:   0000000000000064 00007fb9cb7504a8
0x0000700010959870:   00007000109598d0 0000000103f4f690
0x0000700010959880:   0000000000000005 00007fb9cc970800
0x0000700010959890:   0000000797600701 00007fb9cc14de20
0x00007000109598a0:   0000700000959800 00007fb9cc9709f8
0x00007000109598b0:   0000000000000000 0000000000000000
0x00007000109598c0:   0000700010959928 00007fb9cc970800
0x00007000109598d0:   0000700010959920 000000010d6db9ea
0x00007000109598e0:   0000000797618978 0000000000000000
0x00007000109598f0:   0000700010959930 0000000797b00a10
0x0000700010959900:   000000010d896b44 0000000000000001
0x0000700010959910:   0000000000000000 000000000000031f
0x0000700010959920:   00000000f2ec312f 000000010d896a84
0x0000700010959930:   0000000797600748 0000000797600748
0x0000700010959940:   0000000100000000 0000000797600748
0x0000700010959950:   0000000797618978 00007000109599f0
0x0000700010959960:   0000000000000001 0000000000000000
0x0000700010959970:   00007000109599f0 000000010d3f47a7
0x0000700010959980:   0000000797b00a10 0000000797b00a10
0x0000700010959990:   0000700000001fa0 000000000000000a
0x00007000109599a0:   00007fb9cc970800 0000000000000001
0x00007000109599b0:   000000010d3f471f 0000000109e56e30
0x00007000109599c0:   0000700010959a88 0000700010959d20
0x00007000109599d0:   000000010000000a 0000000109e56e30
0x00007000109599e0:   000000010d407120 0000700010959c90
0x00007000109599f0:   0000700010959ba0 0000000103eedbd2
0x0000700010959a00:   0000700000000001 00007fb9cc970800
0x0000700010959a10:   00007fb9cc970800 0000700010959d20
0x0000700010959a20:   00007fb9cb7504a0 000000010d407120 

Instructions: (pc=0x000000010cfd3345)
0x000000010cfd3325:   48 85 db 75 0e bf 01 00 00 00 48 8d 15 14 7f 03
0x000000010cfd3335:   00 eb d6 49 89 fe 4c 8b 3b 30 c0 e8 dd a9 02 00
0x000000010cfd3345:   49 8b 3f 49 89 c4 48 8b 35 0e 04 06 00 30 c0 e8
0x000000010cfd3355:   2b ab 02 00 48 85 c0 75 4e 30 c0 e8 5b 13 02 00 

Register to memory mapping:

RAX=0x00007fb9cb9bd038 is an unknown value
RBX=0x00007fb9cb6edc60 is an unknown value
RCX=0x00007fb9cb9bd040 is an unknown value
RDX=0x000000010cff44f0: Java_sun_java2d_opengl_OGLRenderQueue_flushBuffer+0xb5c in /Library/Java/JavaVirtualMachines/jdk1.8.0_112.jdk/Contents/Home/jre/lib/libawt_lwawt.dylib at 0x000000010cfb7000
RSP=0x0000700010959830 is pointing into the stack for thread: 0x00007fb9cc970800
RBP=0x0000700010959850 is pointing into the stack for thread: 0x00007fb9cc970800
RSI=0x00007fb9cb6931e0 is an unknown value
RDI=0x00007fb9cb9bd038 is an unknown value
R8 =0x00000000f2ec3132 is an unknown value
R9 =0xffffffff00000000 is an unknown value
R10=0x000000010d6db978 is at entry_point+56 in (nmethod*)0x000000010d6db7d0
R11=0x0000000000000020 is an unknown value
R12=0x0000000000000000 is an unknown value
R13=0x0000000797600748 is an oop
sun.java2d.opengl.OGLRenderQueue$QueueFlusher 
 - klass: 'sun/java2d/opengl/OGLRenderQueue$QueueFlusher'
R14=0x00007fb9cc9709f8 is an unknown value
R15=0x0000000000000000 is an unknown value


Stack: [0x000070001085a000,0x000070001095a000],  sp=0x0000700010959830,  free space=1022k
Native frames: (J=compiled Java code, j=interpreted, Vv=VM code, C=native code)
C  [libawt_lwawt.dylib+0x1c345]  OGLSD_SetScratchSurface+0x53
C  [libawt_lwawt.dylib+0x3cfce]  Java_sun_java2d_opengl_OGLRenderQueue_flushBuffer+0x63a
J 746  sun.java2d.opengl.OGLRenderQueue.flushBuffer(JI)V (0 bytes) @ 0x000000010d6db9ea [0x000000010d6db940+0xaa]
J 1245% C2 sun.java2d.opengl.OGLRenderQueue$QueueFlusher.run()V (234 bytes) @ 0x000000010d896a84 [0x000000010d896860+0x224]
v  ~StubRoutines::call_stub
V  [libjvm.dylib+0x2edbd2]  JavaCalls::call_helper(JavaValue*, methodHandle*, JavaCallArguments*, Thread*)+0x6ae
V  [libjvm.dylib+0x2ee360]  JavaCalls::call_virtual(JavaValue*, KlassHandle, Symbol*, Symbol*, JavaCallArguments*, Thread*)+0x164
V  [libjvm.dylib+0x2ee50c]  JavaCalls::call_virtual(JavaValue*, Handle, KlassHandle, Symbol*, Symbol*, Thread*)+0x4a
V  [libjvm.dylib+0x348c59]  thread_entry(JavaThread*, Thread*)+0x7c
V  [libjvm.dylib+0x56b033]  JavaThread::thread_main_inner()+0x9b
V  [libjvm.dylib+0x56c720]  JavaThread::run()+0x1c2
V  [libjvm.dylib+0x48a7ae]  java_start(Thread*)+0xf6
C  [libsystem_pthread.dylib+0x32eb]  _pthread_body+0x7e
C  [libsystem_pthread.dylib+0x6249]  _pthread_start+0x42
C  [libsystem_pthread.dylib+0x240d]  thread_start+0xd
C  0x0000000000000000

Java frames: (J=compiled Java code, j=interpreted, Vv=VM code)
J 746  sun.java2d.opengl.OGLRenderQueue.flushBuffer(JI)V (0 bytes) @ 0x000000010d6db978 [0x000000010d6db940+0x38]
J 1245% C2 sun.java2d.opengl.OGLRenderQueue$QueueFlusher.run()V (234 bytes) @ 0x000000010d896a84 [0x000000010d896860+0x224]
v  ~StubRoutines::call_stub

---------------  P R O C E S S  ---------------

Java Threads: ( => current thread )
  0x00007fb9cb9a7800 JavaThread "DestroyJavaVM" [_thread_blocked, id=6403, stack(0x000070000f61b000,0x000070000f71b000)]
  0x00007fb9cd129800 JavaThread "AWT-EventQueue-0" [_thread_blocked, id=57859, stack(0x0000700010ae3000,0x0000700010be3000)]
  0x00007fb9cc9b7800 JavaThread "Java2D Disposer" daemon [_thread_blocked, id=79379, stack(0x000070001095d000,0x0000700010a5d000)]
=>0x00007fb9cc970800 JavaThread "Java2D Queue Flusher" daemon [_thread_in_native, id=82443, stack(0x000070001085a000,0x000070001095a000)]
  0x00007fb9cd089000 JavaThread "AWT-Shutdown" [_thread_blocked, id=24879, stack(0x000070001054b000,0x000070001064b000)]
  0x00007fb9cc92e000 JavaThread "AppKit Thread" daemon [_thread_blocked, id=775, stack(0x00007ffeec1ce000,0x00007ffeec9ce000)]
  0x00007fb9cd037000 JavaThread "Service Thread" daemon [_thread_blocked, id=13571, stack(0x000070001023f000,0x000070001033f000)]
  0x00007fb9cb82b800 JavaThread "C1 CompilerThread2" daemon [_thread_blocked, id=13059, stack(0x000070001013c000,0x000070001023c000)]
  0x00007fb9cd034800 JavaThread "C2 CompilerThread1" daemon [_thread_blocked, id=17155, stack(0x0000700010039000,0x0000700010139000)]
  0x00007fb9cd033000 JavaThread "C2 CompilerThread0" daemon [_thread_blocked, id=17667, stack(0x000070000ff36000,0x0000700010036000)]
  0x00007fb9cd023000 JavaThread "Signal Dispatcher" daemon [_thread_blocked, id=12291, stack(0x000070000fe33000,0x000070000ff33000)]
  0x00007fb9cb829800 JavaThread "Finalizer" daemon [_thread_blocked, id=11523, stack(0x000070000fd30000,0x000070000fe30000)]
  0x00007fb9cb828800 JavaThread "Reference Handler" daemon [_thread_blocked, id=20483, stack(0x000070000fc2d000,0x000070000fd2d000)]

Other Threads:
  0x00007fb9cd00f000 VMThread [stack: 0x000070000fb2a000,0x000070000fc2a000] [id=20739]
  0x00007fb9cc01f800 WatcherThread [stack: 0x0000700010342000,0x0000700010442000] [id=13827]

VM state:not at safepoint (normal execution)

VM Mutex/Monitor currently owned by a thread: None

Heap:
 PSYoungGen      total 38400K, used 2221K [0x0000000795580000, 0x0000000798000000, 0x00000007c0000000)
  eden space 33280K, 2% used [0x0000000795580000,0x000000079563f548,0x0000000797600000)
  from space 5120K, 28% used [0x0000000797600000,0x000000079776c010,0x0000000797b00000)
  to   space 5120K, 0% used [0x0000000797b00000,0x0000000797b00000,0x0000000798000000)
 ParOldGen       total 87552K, used 24K [0x0000000740000000, 0x0000000745580000, 0x0000000795580000)
  object space 87552K, 0% used [0x0000000740000000,0x0000000740006000,0x0000000745580000)
 Metaspace       used 9090K, capacity 9336K, committed 9600K, reserved 1058816K
  class space    used 1044K, capacity 1124K, committed 1152K, reserved 1048576K

Card table byte_map: [0x0000000104f62000,0x0000000105363000] byte_map_base: 0x0000000101562000

Marking Bits: (ParMarkBitMap*) 0x00000001044f0d30
 Begin Bits: [0x000000010560e000, 0x000000010760e000)
 End Bits:   [0x000000010760e000, 0x000000010960e000)

Polling page: 0x00000001032aa000

CodeCache: size=245760Kb used=4768Kb max_used=4773Kb free=240991Kb
 bounds [0x000000010d3f4000, 0x000000010d8a4000, 0x000000011c3f4000]
 total_blobs=1727 nmethods=1271 adapters=369
 compilation: enabled

Compilation events (10 events):
Event: 20130.990 Thread 0x00007fb9cb82b800 1267       3       java.util.IdentityHashMap::init (11 bytes)
Event: 20130.990 Thread 0x00007fb9cb82b800 nmethod 1267 0x000000010d8919d0 code [0x000000010d891b40, 0x000000010d891d30]
Event: 20131.158 Thread 0x00007fb9cb82b800 1268       3       java.awt.Component::getBounds (5 bytes)
Event: 20131.159 Thread 0x00007fb9cb82b800 nmethod 1268 0x000000010d895310 code [0x000000010d8954a0, 0x000000010d8958d0]
Event: 20131.159 Thread 0x00007fb9cb82b800 1269       3       java.awt.Component::bounds (24 bytes)
Event: 20131.159 Thread 0x00007fb9cb82b800 nmethod 1269 0x000000010d891350 code [0x000000010d8914e0, 0x000000010d891830]
Event: 20131.220 Thread 0x00007fb9cb82b800 1270       3       java.util.IdentityHashMap$IdentityHashMapIterator::<init> (6 bytes)
Event: 20131.220 Thread 0x00007fb9cb82b800 nmethod 1270 0x000000010d894f90 code [0x000000010d895100, 0x000000010d895288]
Event: 20131.220 Thread 0x00007fb9cb82b800 1271       3       java.util.IdentityHashMap$IdentityHashMapIterator::<init> (63 bytes)
Event: 20131.221 Thread 0x00007fb9cb82b800 nmethod 1271 0x000000010d894a50 code [0x000000010d894bc0, 0x000000010d894e50]

GC Heap History (6 events):
Event: 9.740 GC heap before
{Heap before GC invocations=1 (full 0):
 PSYoungGen      total 38400K, used 33280K [0x0000000795580000, 0x0000000798000000, 0x00000007c0000000)
  eden space 33280K, 100% used [0x0000000795580000,0x0000000797600000,0x0000000797600000)
  from space 5120K, 0% used [0x0000000797b00000,0x0000000797b00000,0x0000000798000000)
  to   space 5120K, 0% used [0x0000000797600000,0x0000000797600000,0x0000000797b00000)
 ParOldGen       total 87552K, used 0K [0x0000000740000000, 0x0000000745580000, 0x0000000795580000)
  object space 87552K, 0% used [0x0000000740000000,0x0000000740000000,0x0000000745580000)
 Metaspace       used 8711K, capacity 8884K, committed 9088K, reserved 1056768K
  class space    used 1025K, capacity 1124K, committed 1152K, reserved 1048576K
Event: 9.743 GC heap after
Heap after GC invocations=1 (full 0):
 PSYoungGen      total 38400K, used 1280K [0x0000000795580000, 0x0000000798000000, 0x00000007c0000000)
  eden space 33280K, 0% used [0x0000000795580000,0x0000000795580000,0x0000000797600000)
  from space 5120K, 25% used [0x0000000797600000,0x0000000797740020,0x0000000797b00000)
  to   space 5120K, 0% used [0x0000000797b00000,0x0000000797b00000,0x0000000798000000)
 ParOldGen       total 87552K, used 8K [0x0000000740000000, 0x0000000745580000, 0x0000000795580000)
  object space 87552K, 0% used [0x0000000740000000,0x0000000740002000,0x0000000745580000)
 Metaspace       used 8711K, capacity 8884K, committed 9088K, reserved 1056768K
  class space    used 1025K, capacity 1124K, committed 1152K, reserved 1048576K
}
Event: 15.271 GC heap before
{Heap before GC invocations=2 (full 0):
 PSYoungGen      total 38400K, used 34560K [0x0000000795580000, 0x0000000798000000, 0x00000007c0000000)
  eden space 33280K, 100% used [0x0000000795580000,0x0000000797600000,0x0000000797600000)
  from space 5120K, 25% used [0x0000000797600000,0x0000000797740020,0x0000000797b00000)
  to   space 5120K, 0% used [0x0000000797b00000,0x0000000797b00000,0x0000000798000000)
 ParOldGen       total 87552K, used 8K [0x0000000740000000, 0x0000000745580000, 0x0000000795580000)
  object space 87552K, 0% used [0x0000000740000000,0x0000000740002000,0x0000000745580000)
 Metaspace       used 8815K, capacity 9076K, committed 9344K, reserved 1056768K
  class space    used 1025K, capacity 1124K, committed 1152K, reserved 1048576K
Event: 15.275 GC heap after
Heap after GC invocations=2 (full 0):
 PSYoungGen      total 38400K, used 1264K [0x0000000795580000, 0x0000000798000000, 0x00000007c0000000)
  eden space 33280K, 0% used [0x0000000795580000,0x0000000795580000,0x0000000797600000)
  from space 5120K, 24% used [0x0000000797b00000,0x0000000797c3c010,0x0000000798000000)
  to   space 5120K, 0% used [0x0000000797600000,0x0000000797600000,0x0000000797b00000)
 ParOldGen       total 87552K, used 16K [0x0000000740000000, 0x0000000745580000, 0x0000000795580000)
  object space 87552K, 0% used [0x0000000740000000,0x0000000740004000,0x0000000745580000)
 Metaspace       used 8815K, capacity 9076K, committed 9344K, reserved 1056768K
  class space    used 1025K, capacity 1124K, committed 1152K, reserved 1048576K
}
Event: 20131.224 GC heap before
{Heap before GC invocations=3 (full 0):
 PSYoungGen      total 38400K, used 34544K [0x0000000795580000, 0x0000000798000000, 0x00000007c0000000)
  eden space 33280K, 100% used [0x0000000795580000,0x0000000797600000,0x0000000797600000)
  from space 5120K, 24% used [0x0000000797b00000,0x0000000797c3c010,0x0000000798000000)
  to   space 5120K, 0% used [0x0000000797600000,0x0000000797600000,0x0000000797b00000)
 ParOldGen       total 87552K, used 16K [0x0000000740000000, 0x0000000745580000, 0x0000000795580000)
  object space 87552K, 0% used [0x0000000740000000,0x0000000740004000,0x0000000745580000)
 Metaspace       used 9090K, capacity 9336K, committed 9600K, reserved 1058816K
  class space    used 1044K, capacity 1124K, committed 1152K, reserved 1048576K
Event: 20131.237 GC heap after
Heap after GC invocations=3 (full 0):
 PSYoungGen      total 38400K, used 1456K [0x0000000795580000, 0x0000000798000000, 0x00000007c0000000)
  eden space 33280K, 0% used [0x0000000795580000,0x0000000795580000,0x0000000797600000)
  from space 5120K, 28% used [0x0000000797600000,0x000000079776c010,0x0000000797b00000)
  to   space 5120K, 0% used [0x0000000797b00000,0x0000000797b00000,0x0000000798000000)
 ParOldGen       total 87552K, used 24K [0x0000000740000000, 0x0000000745580000, 0x0000000795580000)
  object space 87552K, 0% used [0x0000000740000000,0x0000000740006000,0x0000000745580000)
 Metaspace       used 9090K, capacity 9336K, committed 9600K, reserved 1058816K
  class space    used 1044K, capacity 1124K, committed 1152K, reserved 1048576K
}

Deoptimization events (10 events):
Event: 209.470 Thread 0x00007fb9cd129800 Uncommon trap: reason=unstable_if action=reinterpret pc=0x000000010d7dc92c method=sun.awt.SunToolkit.getAppContext(Ljava/lang/Object;)Lsun/awt/AppContext; @ 4
Event: 12674.224 Thread 0x00007fb9cc970800 Uncommon trap: reason=unstable_if action=reinterpret pc=0x000000010d8441d0 method=sun.java2d.opengl.OGLRenderQueue$QueueFlusher.run()V @ 22
Event: 12674.458 Thread 0x00007fb9cc92e000 Uncommon trap: reason=null_check action=make_not_entrant pc=0x000000010d6f7fd4 method=java.awt.geom.AffineTransform.equals(Ljava/lang/Object;)Z @ 1
Event: 12779.770 Thread 0x00007fb9cc92e000 Uncommon trap: reason=null_check action=make_not_entrant pc=0x000000010d6f0ba4 method=java.awt.geom.AffineTransform.equals(Ljava/lang/Object;)Z @ 1
Event: 12798.982 Thread 0x00007fb9cd129800 Uncommon trap: reason=bimorphic action=maybe_recompile pc=0x000000010d6d0a38 method=sun.java2d.SunGraphics2D.validateColor()V @ 95
Event: 12798.984 Thread 0x00007fb9cd129800 Uncommon trap: reason=bimorphic action=maybe_recompile pc=0x000000010d6d0a38 method=sun.java2d.SunGraphics2D.validateColor()V @ 95
Event: 12798.990 Thread 0x00007fb9cd129800 Uncommon trap: reason=bimorphic action=maybe_recompile pc=0x000000010d6dd9d0 method=sun.java2d.SunGraphics2D.validateColor()V @ 95
Event: 12798.990 Thread 0x00007fb9cd129800 Uncommon trap: reason=bimorphic action=maybe_recompile pc=0x000000010d6d0a38 method=sun.java2d.SunGraphics2D.validateColor()V @ 95
Event: 12798.990 Thread 0x00007fb9cd129800 Uncommon trap: reason=bimorphic action=maybe_recompile pc=0x000000010d6dd9d0 method=sun.java2d.SunGraphics2D.validateColor()V @ 95
Event: 12799.055 Thread 0x00007fb9cd129800 Uncommon trap: reason=unstable_if action=reinterpret pc=0x000000010d86e228 method=sun.java2d.pipe.BufferedContext.validate(Lsun/java2d/pipe/hw/AccelSurface;Lsun/java2d/pipe/hw/AccelSurface;Lsun/java2d/pipe/Region;Ljava/awt/Composite;Ljava/awt/geom/AffineT

Internal exceptions (10 events):
Event: 20131.109 Thread 0x00007fb9cd129800 Exception <a 'java/lang/IndexOutOfBoundsException'> (0x0000000797497fb0) thrown at [/Users/java_re/workspace/8-2-build-macosx-x86_64/jdk8u112/7935/hotspot/src/share/vm/prims/jvm.cpp, line 1394]
Event: 20131.109 Thread 0x00007fb9cd129800 Exception <a 'java/lang/IndexOutOfBoundsException'> (0x0000000797497fb0) thrown at [/Users/java_re/workspace/8-2-build-macosx-x86_64/jdk8u112/7935/hotspot/src/share/vm/prims/jvm.cpp, line 1394]
Event: 20131.128 Thread 0x00007fb9cd129800 Exception <a 'java/lang/IndexOutOfBoundsException'> (0x0000000797505668) thrown at [/Users/java_re/workspace/8-2-build-macosx-x86_64/jdk8u112/7935/hotspot/src/share/vm/prims/jvm.cpp, line 1394]
Event: 20131.128 Thread 0x00007fb9cd129800 Exception <a 'java/lang/IndexOutOfBoundsException'> (0x0000000797505668) thrown at [/Users/java_re/workspace/8-2-build-macosx-x86_64/jdk8u112/7935/hotspot/src/share/vm/prims/jvm.cpp, line 1394]
Event: 20131.167 Thread 0x00007fb9cd129800 Exception <a 'java/lang/IndexOutOfBoundsException'> (0x00000007975741d0) thrown at [/Users/java_re/workspace/8-2-build-macosx-x86_64/jdk8u112/7935/hotspot/src/share/vm/prims/jvm.cpp, line 1394]
Event: 20131.167 Thread 0x00007fb9cd129800 Exception <a 'java/lang/IndexOutOfBoundsException'> (0x00000007975741d0) thrown at [/Users/java_re/workspace/8-2-build-macosx-x86_64/jdk8u112/7935/hotspot/src/share/vm/prims/jvm.cpp, line 1394]
Event: 20131.207 Thread 0x00007fb9cd129800 Exception <a 'java/lang/IndexOutOfBoundsException'> (0x00000007975e3808) thrown at [/Users/java_re/workspace/8-2-build-macosx-x86_64/jdk8u112/7935/hotspot/src/share/vm/prims/jvm.cpp, line 1394]
Event: 20131.207 Thread 0x00007fb9cd129800 Exception <a 'java/lang/IndexOutOfBoundsException'> (0x00000007975e3808) thrown at [/Users/java_re/workspace/8-2-build-macosx-x86_64/jdk8u112/7935/hotspot/src/share/vm/prims/jvm.cpp, line 1394]
Event: 20131.245 Thread 0x00007fb9cd129800 Exception <a 'java/lang/IndexOutOfBoundsException'> (0x0000000795606668) thrown at [/Users/java_re/workspace/8-2-build-macosx-x86_64/jdk8u112/7935/hotspot/src/share/vm/prims/jvm.cpp, line 1394]
Event: 20131.245 Thread 0x00007fb9cd129800 Exception <a 'java/lang/IndexOutOfBoundsException'> (0x0000000795606668) thrown at [/Users/java_re/workspace/8-2-build-macosx-x86_64/jdk8u112/7935/hotspot/src/share/vm/prims/jvm.cpp, line 1394]

Events (10 events):
Event: 12799.055 Thread 0x00007fb9cd129800 DEOPT PACKING pc=0x000000010d86e228 sp=0x0000700010bdfce0
Event: 12799.055 Thread 0x00007fb9cd129800 DEOPT UNPACKING pc=0x000000010d3f9229 sp=0x0000700010bdfca8 mode 2
Event: 17975.650 loading class java/security/DomainCombiner
Event: 17975.653 loading class java/security/DomainCombiner done
Event: 18508.435 Thread 0x00007fb9cc970800 DEOPT PACKING pc=0x000000010d86a55e sp=0x0000700010959870
Event: 18508.435 Thread 0x00007fb9cc970800 DEOPT UNPACKING pc=0x000000010d43b633 sp=0x0000700010959668 mode 0
Event: 19875.536 loading class sun/awt/AWTAccessor$SequencedEventAccessor
Event: 19875.542 loading class sun/awt/AWTAccessor$SequencedEventAccessor done
Event: 20131.223 Executing VM operation: ParallelGCFailedAllocation
Event: 20131.237 Executing VM operation: ParallelGCFailedAllocation done


Dynamic libraries:
0x0000000005f42000 	/System/Library/Frameworks/Cocoa.framework/Versions/A/Cocoa
0x0000000005f42000 	/System/Library/Frameworks/Security.framework/Versions/A/Security
0x0000000005f42000 	/System/Library/Frameworks/ApplicationServices.framework/Versions/A/ApplicationServices
0x0000000005f42000 	/usr/lib/libz.1.dylib
0x0000000005f42000 	/usr/lib/libSystem.B.dylib
0x0000000005f42000 	/usr/lib/libobjc.A.dylib
0x0000000005f42000 	/System/Library/Frameworks/CoreFoundation.framework/Versions/A/CoreFoundation
0x0000000005f42000 	/System/Library/Frameworks/Foundation.framework/Versions/C/Foundation
0x0000000005f42000 	/System/Library/Frameworks/AppKit.framework/Versions/C/AppKit
0x0000000005f42000 	/System/Library/Frameworks/CoreData.framework/Versions/A/CoreData
0x0000000005f42000 	/System/Library/PrivateFrameworks/RemoteViewServices.framework/Versions/A/RemoteViewServices
0x0000000005f42000 	/System/Library/PrivateFrameworks/UIFoundation.framework/Versions/A/UIFoundation
0x0000000005f42000 	/System/Library/PrivateFrameworks/XCTTargetBootstrap.framework/Versions/A/XCTTargetBootstrap
0x0000000005f42000 	/System/Library/Frameworks/CoreDisplay.framework/Versions/A/CoreDisplay
0x0000000005f42000 	/System/Library/PrivateFrameworks/IconServices.framework/Versions/A/IconServices
0x0000000005f42000 	/System/Library/Frameworks/Metal.framework/Versions/A/Metal
0x0000000005f42000 	/System/Library/PrivateFrameworks/DesktopServicesPriv.framework/Versions/A/DesktopServicesPriv
0x0000000005f42000 	/usr/lib/libenergytrace.dylib
0x0000000005f42000 	/System/Library/PrivateFrameworks/SkyLight.framework/Versions/A/SkyLight
0x0000000005f42000 	/System/Library/Frameworks/CoreGraphics.framework/Versions/A/CoreGraphics
0x0000000005f42000 	/System/Library/Frameworks/Accelerate.framework/Versions/A/Accelerate
0x0000000005f42000 	/System/Library/Frameworks/IOSurface.framework/Versions/A/IOSurface
0x0000000005f42000 	/System/Library/PrivateFrameworks/DFRFoundation.framework/Versions/A/DFRFoundation
0x0000000005f42000 	/System/Library/Frameworks/AudioToolbox.framework/Versions/A/AudioToolbox
0x0000000005f42000 	/System/Library/Frameworks/AudioUnit.framework/Versions/A/AudioUnit
0x0000000005f42000 	/System/Library/PrivateFrameworks/DataDetectorsCore.framework/Versions/A/DataDetectorsCore
0x0000000005f42000 	/System/Library/Frameworks/Carbon.framework/Versions/A/Frameworks/HIToolbox.framework/Versions/A/HIToolbox
0x0000000005f42000 	/usr/lib/libicucore.A.dylib
0x0000000005f42000 	/System/Library/Frameworks/QuartzCore.framework/Versions/A/QuartzCore
0x0000000005f42000 	/System/Library/Frameworks/Carbon.framework/Versions/A/Frameworks/SpeechRecognition.framework/Versions/A/SpeechRecognition
0x0000000005f42000 	/usr/lib/libauto.dylib
0x0000000005f42000 	/usr/lib/libxml2.2.dylib
0x0000000005f42000 	/System/Library/PrivateFrameworks/CoreUI.framework/Versions/A/CoreUI
0x0000000005f42000 	/System/Library/Frameworks/CoreAudio.framework/Versions/A/CoreAudio
0x0000000005f42000 	/System/Library/Frameworks/DiskArbitration.framework/Versions/A/DiskArbitration
0x0000000005f42000 	/usr/lib/liblangid.dylib
0x0000000005f42000 	/System/Library/PrivateFrameworks/MultitouchSupport.framework/Versions/A/MultitouchSupport
0x0000000005f42000 	/System/Library/Frameworks/IOKit.framework/Versions/A/IOKit
0x0000000005f42000 	/usr/lib/libDiagnosticMessagesClient.dylib
0x0000000005f42000 	/System/Library/Frameworks/CoreServices.framework/Versions/A/CoreServices
0x0000000005f42000 	/System/Library/PrivateFrameworks/PerformanceAnalysis.framework/Versions/A/PerformanceAnalysis
0x0000000005f42000 	/System/Library/Frameworks/OpenGL.framework/Versions/A/OpenGL
0x0000000005f42000 	/System/Library/Frameworks/ColorSync.framework/Versions/A/ColorSync
0x0000000005f42000 	/System/Library/Frameworks/CoreImage.framework/Versions/A/CoreImage
0x0000000005f42000 	/System/Library/Frameworks/CoreText.framework/Versions/A/CoreText
0x0000000005f42000 	/System/Library/Frameworks/ImageIO.framework/Versions/A/ImageIO
0x0000000005f42000 	/System/Library/PrivateFrameworks/Backup.framework/Versions/A/Backup
0x0000000005f42000 	/usr/lib/libarchive.2.dylib
0x0000000005f42000 	/System/Library/Frameworks/CFNetwork.framework/Versions/A/CFNetwork
0x0000000005f42000 	/System/Library/Frameworks/SystemConfiguration.framework/Versions/A/SystemConfiguration
0x0000000005f42000 	/usr/lib/libCRFSuite.dylib
0x0000000005f42000 	/usr/lib/libc++.1.dylib
0x0000000005f42000 	/usr/lib/libc++abi.dylib
0x0000000005f42000 	/usr/lib/system/libcache.dylib
0x0000000005f42000 	/usr/lib/system/libcommonCrypto.dylib
0x0000000005f42000 	/usr/lib/system/libcompiler_rt.dylib
0x0000000005f42000 	/usr/lib/system/libcopyfile.dylib
0x0000000005f42000 	/usr/lib/system/libcorecrypto.dylib
0x0000000005f42000 	/usr/lib/system/libdispatch.dylib
0x0000000005f42000 	/usr/lib/system/libdyld.dylib
0x0000000005f42000 	/usr/lib/system/libkeymgr.dylib
0x0000000005f42000 	/usr/lib/system/liblaunch.dylib
0x0000000005f42000 	/usr/lib/system/libmacho.dylib
0x0000000005f42000 	/usr/lib/system/libquarantine.dylib
0x0000000005f42000 	/usr/lib/system/libremovefile.dylib
0x0000000005f42000 	/usr/lib/system/libsystem_asl.dylib
0x0000000005f42000 	/usr/lib/system/libsystem_blocks.dylib
0x0000000005f42000 	/usr/lib/system/libsystem_c.dylib
0x0000000005f42000 	/usr/lib/system/libsystem_configuration.dylib
0x0000000005f42000 	/usr/lib/system/libsystem_coreservices.dylib
0x0000000005f42000 	/usr/lib/system/libsystem_darwin.dylib
0x0000000005f42000 	/usr/lib/system/libsystem_dnssd.dylib
0x0000000005f42000 	/usr/lib/system/libsystem_info.dylib
0x0000000005f42000 	/usr/lib/system/libsystem_m.dylib
0x0000000005f42000 	/usr/lib/system/libsystem_malloc.dylib
0x0000000005f42000 	/usr/lib/system/libsystem_networkextension.dylib
0x0000000005f42000 	/usr/lib/system/libsystem_notify.dylib
0x0000000005f42000 	/usr/lib/system/libsystem_sandbox.dylib
0x0000000005f42000 	/usr/lib/system/libsystem_secinit.dylib
0x0000000005f42000 	/usr/lib/system/libsystem_kernel.dylib
0x0000000005f42000 	/usr/lib/system/libsystem_platform.dylib
0x0000000005f42000 	/usr/lib/system/libsystem_pthread.dylib
0x0000000005f42000 	/usr/lib/system/libsystem_symptoms.dylib
0x0000000005f42000 	/usr/lib/system/libsystem_trace.dylib
0x0000000005f42000 	/usr/lib/system/libunwind.dylib
0x0000000005f42000 	/usr/lib/system/libxpc.dylib
0x0000000005f42000 	/usr/lib/libbsm.0.dylib
0x0000000005f42000 	/usr/lib/system/libkxld.dylib
0x0000000005f42000 	/System/Library/PrivateFrameworks/AppleFSCompression.framework/Versions/A/AppleFSCompression
0x0000000005f42000 	/usr/lib/libOpenScriptingUtil.dylib
0x0000000005f42000 	/usr/lib/libcoretls.dylib
0x0000000005f42000 	/usr/lib/libcoretls_cfhelpers.dylib
0x0000000005f42000 	/usr/lib/libpam.2.dylib
0x0000000005f42000 	/usr/lib/libsqlite3.dylib
0x0000000005f42000 	/usr/lib/libxar.1.dylib
0x0000000005f42000 	/usr/lib/libbz2.1.0.dylib
0x0000000005f42000 	/usr/lib/liblzma.5.dylib
0x0000000005f42000 	/usr/lib/libnetwork.dylib
0x0000000005f42000 	/usr/lib/libapple_nghttp2.dylib
0x0000000005f42000 	/usr/lib/libpcap.A.dylib
0x0000000005f42000 	/System/Library/Frameworks/CoreServices.framework/Versions/A/Frameworks/FSEvents.framework/Versions/A/FSEvents
0x0000000005f42000 	/System/Library/Frameworks/CoreServices.framework/Versions/A/Frameworks/CarbonCore.framework/Versions/A/CarbonCore
0x0000000005f42000 	/System/Library/Frameworks/CoreServices.framework/Versions/A/Frameworks/Metadata.framework/Versions/A/Metadata
0x0000000005f42000 	/System/Library/Frameworks/CoreServices.framework/Versions/A/Frameworks/OSServices.framework/Versions/A/OSServices
0x0000000005f42000 	/System/Library/Frameworks/CoreServices.framework/Versions/A/Frameworks/SearchKit.framework/Versions/A/SearchKit
0x0000000005f42000 	/System/Library/Frameworks/CoreServices.framework/Versions/A/Frameworks/AE.framework/Versions/A/AE
0x0000000005f42000 	/System/Library/Frameworks/CoreServices.framework/Versions/A/Frameworks/LaunchServices.framework/Versions/A/LaunchServices
0x0000000005f42000 	/System/Library/Frameworks/CoreServices.framework/Versions/A/Frameworks/DictionaryServices.framework/Versions/A/DictionaryServices
0x0000000005f42000 	/System/Library/Frameworks/CoreServices.framework/Versions/A/Frameworks/SharedFileList.framework/Versions/A/SharedFileList
0x0000000005f42000 	/System/Library/Frameworks/NetFS.framework/Versions/A/NetFS
0x0000000005f42000 	/System/Library/PrivateFrameworks/NetAuth.framework/Versions/A/NetAuth
0x0000000005f42000 	/System/Library/PrivateFrameworks/login.framework/Versions/A/Frameworks/loginsupport.framework/Versions/A/loginsupport
0x0000000005f42000 	/System/Library/PrivateFrameworks/TCC.framework/Versions/A/TCC
0x0000000005f42000 	/System/Library/PrivateFrameworks/CoreNLP.framework/Versions/A/CoreNLP
0x0000000005f42000 	/System/Library/PrivateFrameworks/MetadataUtilities.framework/Versions/A/MetadataUtilities
0x0000000005f42000 	/usr/lib/libmecabra.dylib
0x0000000005f42000 	/System/Library/Frameworks/ApplicationServices.framework/Versions/A/Frameworks/ATS.framework/Versions/A/ATS
0x0000000005f42000 	/System/Library/Frameworks/ApplicationServices.framework/Versions/A/Frameworks/ColorSyncLegacy.framework/Versions/A/ColorSyncLegacy
0x0000000005f42000 	/System/Library/Frameworks/ApplicationServices.framework/Versions/A/Frameworks/HIServices.framework/Versions/A/HIServices
0x0000000005f42000 	/System/Library/Frameworks/ApplicationServices.framework/Versions/A/Frameworks/LangAnalysis.framework/Versions/A/LangAnalysis
0x0000000005f42000 	/System/Library/Frameworks/ApplicationServices.framework/Versions/A/Frameworks/PrintCore.framework/Versions/A/PrintCore
0x0000000005f42000 	/System/Library/Frameworks/ApplicationServices.framework/Versions/A/Frameworks/QD.framework/Versions/A/QD
0x0000000005f42000 	/System/Library/Frameworks/ApplicationServices.framework/Versions/A/Frameworks/SpeechSynthesis.framework/Versions/A/SpeechSynthesis
0x0000000005f42000 	/usr/lib/libcompression.dylib
0x0000000005f42000 	/System/Library/Frameworks/MetalPerformanceShaders.framework/Versions/A/MetalPerformanceShaders
0x0000000005f42000 	/System/Library/Frameworks/Accelerate.framework/Versions/A/Frameworks/vImage.framework/Versions/A/vImage
0x0000000005f42000 	/System/Library/Frameworks/Accelerate.framework/Versions/A/Frameworks/vecLib.framework/Versions/A/vecLib
0x0000000005f42000 	/System/Library/Frameworks/Accelerate.framework/Versions/A/Frameworks/vecLib.framework/Versions/A/libvMisc.dylib
0x0000000005f42000 	/System/Library/Frameworks/Accelerate.framework/Versions/A/Frameworks/vecLib.framework/Versions/A/libvDSP.dylib
0x0000000005f42000 	/System/Library/Frameworks/Accelerate.framework/Versions/A/Frameworks/vecLib.framework/Versions/A/libBLAS.dylib
0x0000000005f42000 	/System/Library/Frameworks/Accelerate.framework/Versions/A/Frameworks/vecLib.framework/Versions/A/libLAPACK.dylib
0x0000000005f42000 	/System/Library/Frameworks/Accelerate.framework/Versions/A/Frameworks/vecLib.framework/Versions/A/libLinearAlgebra.dylib
0x0000000005f42000 	/System/Library/Frameworks/Accelerate.framework/Versions/A/Frameworks/vecLib.framework/Versions/A/libSparseBLAS.dylib
0x0000000005f42000 	/System/Library/Frameworks/Accelerate.framework/Versions/A/Frameworks/vecLib.framework/Versions/A/libQuadrature.dylib
0x0000000005f42000 	/System/Library/Frameworks/Accelerate.framework/Versions/A/Frameworks/vecLib.framework/Versions/A/libBNNS.dylib
0x0000000005f42000 	/System/Library/Frameworks/Accelerate.framework/Versions/A/Frameworks/vecLib.framework/Versions/A/libSparse.dylib
0x0000000005f42000 	/System/Library/PrivateFrameworks/GPUWrangler.framework/Versions/A/GPUWrangler
0x0000000005f42000 	/System/Library/PrivateFrameworks/IOAccelerator.framework/Versions/A/IOAccelerator
0x0000000005f42000 	/System/Library/PrivateFrameworks/IOPresentment.framework/Versions/A/IOPresentment
0x0000000005f42000 	/System/Library/PrivateFrameworks/DSExternalDisplay.framework/Versions/A/DSExternalDisplay
0x0000000005f42000 	/System/Library/Frameworks/OpenGL.framework/Versions/A/Libraries/libCoreFSCache.dylib
0x0000000005f42000 	/System/Library/Frameworks/MetalPerformanceShaders.framework/Frameworks/MPSCore.framework/Versions/A/MPSCore
0x0000000005f42000 	/System/Library/Frameworks/MetalPerformanceShaders.framework/Frameworks/MPSImage.framework/Versions/A/MPSImage
0x0000000005f42000 	/System/Library/Frameworks/MetalPerformanceShaders.framework/Frameworks/MPSNeuralNetwork.framework/Versions/A/MPSNeuralNetwork
0x0000000005f42000 	/System/Library/Frameworks/MetalPerformanceShaders.framework/Frameworks/MPSMatrix.framework/Versions/A/MPSMatrix
0x0000000005f42000 	/System/Library/Frameworks/MetalPerformanceShaders.framework/Frameworks/MPSRayIntersector.framework/Versions/A/MPSRayIntersector
0x0000000005f42000 	/System/Library/PrivateFrameworks/MetalTools.framework/Versions/A/MetalTools
0x0000000005f42000 	/System/Library/PrivateFrameworks/AggregateDictionary.framework/Versions/A/AggregateDictionary
0x0000000005f42000 	/usr/lib/libMobileGestalt.dylib
0x0000000005f42000 	/System/Library/Frameworks/CoreVideo.framework/Versions/A/CoreVideo
0x0000000005f42000 	/System/Library/PrivateFrameworks/GraphVisualizer.framework/Versions/A/GraphVisualizer
0x0000000005f42000 	/System/Library/PrivateFrameworks/FaceCore.framework/Versions/A/FaceCore
0x0000000005f42000 	/System/Library/Frameworks/OpenCL.framework/Versions/A/OpenCL
0x0000000005f42000 	/usr/lib/libFosl_dynamic.dylib
0x0000000005f42000 	/System/Library/PrivateFrameworks/OTSVG.framework/Versions/A/OTSVG
0x0000000005f42000 	/System/Library/Frameworks/ApplicationServices.framework/Versions/A/Frameworks/ATS.framework/Versions/A/Resources/libFontParser.dylib
0x0000000005f42000 	/System/Library/Frameworks/ApplicationServices.framework/Versions/A/Frameworks/ATS.framework/Versions/A/Resources/libFontRegistry.dylib
0x0000000005f42000 	/System/Library/Frameworks/ImageIO.framework/Versions/A/Resources/libJPEG.dylib
0x0000000005f42000 	/System/Library/Frameworks/ImageIO.framework/Versions/A/Resources/libTIFF.dylib
0x0000000005f42000 	/System/Library/Frameworks/ImageIO.framework/Versions/A/Resources/libPng.dylib
0x0000000005f42000 	/System/Library/Frameworks/ImageIO.framework/Versions/A/Resources/libGIF.dylib
0x0000000005f42000 	/System/Library/Frameworks/ImageIO.framework/Versions/A/Resources/libJP2.dylib
0x0000000005f42000 	/System/Library/Frameworks/ImageIO.framework/Versions/A/Resources/libRadiance.dylib
0x0000000005f42000 	/System/Library/PrivateFrameworks/AppleJPEG.framework/Versions/A/AppleJPEG
0x0000000005f42000 	/System/Library/Frameworks/OpenGL.framework/Versions/A/Libraries/libGFXShared.dylib
0x0000000005f42000 	/System/Library/Frameworks/OpenGL.framework/Versions/A/Libraries/libGLU.dylib
0x0000000005f42000 	/System/Library/Frameworks/OpenGL.framework/Versions/A/Libraries/libGL.dylib
0x0000000005f42000 	/System/Library/Frameworks/OpenGL.framework/Versions/A/Libraries/libGLImage.dylib
0x0000000005f42000 	/System/Library/Frameworks/OpenGL.framework/Versions/A/Libraries/libCVMSPluginSupport.dylib
0x0000000005f42000 	/System/Library/Frameworks/OpenGL.framework/Versions/A/Libraries/libCoreVMClient.dylib
0x0000000005f42000 	/usr/lib/libcups.2.dylib
0x0000000005f42000 	/System/Library/Frameworks/Kerberos.framework/Versions/A/Kerberos
0x0000000005f42000 	/System/Library/Frameworks/GSS.framework/Versions/A/GSS
0x0000000005f42000 	/usr/lib/libresolv.9.dylib
0x0000000005f42000 	/usr/lib/libiconv.2.dylib
0x0000000005f42000 	/System/Library/PrivateFrameworks/Heimdal.framework/Versions/A/Heimdal
0x0000000005f42000 	/usr/lib/libheimdal-asn1.dylib
0x0000000005f42000 	/System/Library/Frameworks/OpenDirectory.framework/Versions/A/OpenDirectory
0x0000000005f42000 	/System/Library/PrivateFrameworks/CommonAuth.framework/Versions/A/CommonAuth
0x0000000005f42000 	/System/Library/Frameworks/OpenDirectory.framework/Versions/A/Frameworks/CFOpenDirectory.framework/Versions/A/CFOpenDirectory
0x0000000005f42000 	/System/Library/Frameworks/SecurityFoundation.framework/Versions/A/SecurityFoundation
0x0000000005f42000 	/System/Library/PrivateFrameworks/APFS.framework/Versions/A/APFS
0x0000000005f42000 	/usr/lib/libutil.dylib
0x0000000005f42000 	/usr/lib/libcharset.1.dylib
0x0000000005f42000 	/System/Library/PrivateFrameworks/AppleSauce.framework/Versions/A/AppleSauce
0x0000000005f42000 	/System/Library/PrivateFrameworks/AssertionServices.framework/Versions/A/AssertionServices
0x0000000005f42000 	/System/Library/PrivateFrameworks/BaseBoard.framework/Versions/A/BaseBoard
0x0000000005f42000 	/usr/lib/libmecab.1.0.0.dylib
0x0000000005f42000 	/usr/lib/libgermantok.dylib
0x0000000005f42000 	/usr/lib/libThaiTokenizer.dylib
0x0000000005f42000 	/usr/lib/libChineseTokenizer.dylib
0x0000000005f42000 	/System/Library/PrivateFrameworks/LanguageModeling.framework/Versions/A/LanguageModeling
0x0000000005f42000 	/System/Library/PrivateFrameworks/CoreEmoji.framework/Versions/A/CoreEmoji
0x0000000005f42000 	/System/Library/PrivateFrameworks/Lexicon.framework/Versions/A/Lexicon
0x0000000005f42000 	/System/Library/PrivateFrameworks/LinguisticData.framework/Versions/A/LinguisticData
0x0000000005f42000 	/usr/lib/libcmph.dylib
0x0000000005f42000 	/System/Library/Frameworks/ServiceManagement.framework/Versions/A/ServiceManagement
0x0000000005f42000 	/System/Library/PrivateFrameworks/BackgroundTaskManagement.framework/Versions/A/BackgroundTaskManagement
0x0000000005f42000 	/usr/lib/libxslt.1.dylib
0x0000000005f42000 	/System/Library/Frameworks/Carbon.framework/Versions/A/Frameworks/Ink.framework/Versions/A/Ink
0x0000000005f42000 	/System/Library/PrivateFrameworks/TextureIO.framework/Versions/A/TextureIO
0x0000000005f42000 	/usr/lib/libate.dylib
0x0000000005f42000 	/System/Library/PrivateFrameworks/CrashReporterSupport.framework/Versions/A/CrashReporterSupport
0x0000000005f42000 	/System/Library/PrivateFrameworks/Sharing.framework/Versions/A/Sharing
0x0000000005f42000 	/System/Library/PrivateFrameworks/AuthKit.framework/Versions/A/AuthKit
0x0000000005f42000 	/System/Library/PrivateFrameworks/Apple80211.framework/Versions/A/Apple80211
0x0000000005f42000 	/System/Library/PrivateFrameworks/CoreUtils.framework/Versions/A/CoreUtils
0x0000000005f42000 	/System/Library/Frameworks/CoreWLAN.framework/Versions/A/CoreWLAN
0x0000000005f42000 	/System/Library/Frameworks/IOBluetooth.framework/Versions/A/IOBluetooth
0x0000000005f42000 	/System/Library/PrivateFrameworks/ProtocolBuffer.framework/Versions/A/ProtocolBuffer
0x0000000005f42000 	/System/Library/PrivateFrameworks/MobileKeyBag.framework/Versions/A/MobileKeyBag
0x0000000005f42000 	/System/Library/PrivateFrameworks/CorePhoneNumbers.framework/Versions/A/CorePhoneNumbers
0x0000000005f42000 	/System/Library/PrivateFrameworks/AppleIDAuthSupport.framework/Versions/A/AppleIDAuthSupport
0x0000000005f42000 	/System/Library/PrivateFrameworks/KeychainCircle.framework/Versions/A/KeychainCircle
0x0000000005f42000 	/System/Library/PrivateFrameworks/ROCKit.framework/Versions/A/ROCKit
0x0000000005f42000 	/System/Library/PrivateFrameworks/CoreWiFi.framework/Versions/A/CoreWiFi
0x0000000005f42000 	/System/Library/Frameworks/CoreBluetooth.framework/Versions/A/CoreBluetooth
0x0000000005f42000 	/System/Library/PrivateFrameworks/DebugSymbols.framework/Versions/A/DebugSymbols
0x0000000005f42000 	/System/Library/PrivateFrameworks/CoreSymbolication.framework/Versions/A/CoreSymbolication
0x0000000005f42000 	/System/Library/PrivateFrameworks/Symbolication.framework/Versions/A/Symbolication
0x0000000005f42000 	/System/Library/PrivateFrameworks/SpeechRecognitionCore.framework/Versions/A/SpeechRecognitionCore
0x0000000103c00000 	/Library/Java/JavaVirtualMachines/jdk1.8.0_112.jdk/Contents/Home/jre/lib/server/libjvm.dylib
0x0000000005f42000 	/usr/lib/libstdc++.6.dylib
0x0000000103267000 	/Library/Java/JavaVirtualMachines/jdk1.8.0_112.jdk/Contents/Home/jre/lib/libverify.dylib
0x0000000103275000 	/Library/Java/JavaVirtualMachines/jdk1.8.0_112.jdk/Contents/Home/jre/lib/libjava.dylib
0x00000001032f4000 	/Library/Java/JavaVirtualMachines/jdk1.8.0_112.jdk/Contents/Home/jre/lib/libzip.dylib
0x0000000005f42000 	/System/Library/Frameworks/JavaVM.framework/Versions/A/Frameworks/JavaRuntimeSupport.framework/Versions/A/JavaRuntimeSupport
0x0000000005f42000 	/System/Library/Frameworks/JavaVM.framework/Versions/A/Frameworks/JavaNativeFoundation.framework/Versions/A/JavaNativeFoundation
0x0000000005f42000 	/System/Library/Frameworks/JavaVM.framework/Versions/A/JavaVM
0x0000000005f42000 	/System/Library/Frameworks/Carbon.framework/Versions/A/Carbon
0x0000000005f42000 	/System/Library/PrivateFrameworks/JavaLaunching.framework/Versions/A/JavaLaunching
0x0000000005f42000 	/System/Library/Frameworks/Carbon.framework/Versions/A/Frameworks/CommonPanels.framework/Versions/A/CommonPanels
0x0000000005f42000 	/System/Library/Frameworks/Carbon.framework/Versions/A/Frameworks/Help.framework/Versions/A/Help
0x0000000005f42000 	/System/Library/Frameworks/Carbon.framework/Versions/A/Frameworks/ImageCapture.framework/Versions/A/ImageCapture
0x0000000005f42000 	/System/Library/Frameworks/Carbon.framework/Versions/A/Frameworks/OpenScripting.framework/Versions/A/OpenScripting
0x0000000005f42000 	/System/Library/Frameworks/Carbon.framework/Versions/A/Frameworks/Print.framework/Versions/A/Print
0x0000000005f42000 	/System/Library/Frameworks/Carbon.framework/Versions/A/Frameworks/SecurityHI.framework/Versions/A/SecurityHI
0x000000010ce43000 	/Library/Java/JavaVirtualMachines/jdk1.8.0_112.jdk/Contents/Home/jre/lib/libawt.dylib
0x000000010ceeb000 	/Library/Java/JavaVirtualMachines/jdk1.8.0_112.jdk/Contents/Home/jre/lib/./libmlib_image.dylib
0x000000010cfb7000 	/Library/Java/JavaVirtualMachines/jdk1.8.0_112.jdk/Contents/Home/jre/lib/libawt_lwawt.dylib
0x000000010d06e000 	/Library/Java/JavaVirtualMachines/jdk1.8.0_112.jdk/Contents/Home/jre/lib/./libosxapp.dylib
0x0000000005f42000 	/System/Library/Frameworks/ExceptionHandling.framework/Versions/A/ExceptionHandling
0x0000000005f42000 	/System/Library/PrivateFrameworks/CoreServicesInternal.framework/Versions/A/CoreServicesInternal
0x0000000005f42000 	/System/Library/CoreServices/RawCamera.bundle/Contents/MacOS/RawCamera
0x0000000005f42000 	/System/Library/PrivateFrameworks/MobileAsset.framework/Versions/A/MobileAsset
0x0000000005f42000 	/System/Library/PrivateFrameworks/StreamingZip.framework/Versions/A/StreamingZip
0x0000000005f42000 	/System/Library/Frameworks/MediaToolbox.framework/Versions/A/MediaToolbox
0x0000000005f42000 	/System/Library/PrivateFrameworks/CoreAVCHD.framework/Versions/A/CoreAVCHD
0x0000000005f42000 	/System/Library/Frameworks/MediaAccessibility.framework/Versions/A/MediaAccessibility
0x0000000005f42000 	/System/Library/PrivateFrameworks/Mangrove.framework/Versions/A/Mangrove
0x0000000005f42000 	/System/Library/Frameworks/CoreMedia.framework/Versions/A/CoreMedia
0x0000000005f42000 	/System/Library/Frameworks/VideoToolbox.framework/Versions/A/VideoToolbox
0x0000000005f42000 	/System/Library/PrivateFrameworks/CoreAUC.framework/Versions/A/CoreAUC
0x0000000005f42000 	/usr/lib/libspindump.dylib
0x0000000005f42000 	/System/Library/PrivateFrameworks/AppleVA.framework/Versions/A/AppleVA
0x0000000005f42000 	/System/Library/Frameworks/Accelerate.framework/Versions/A/Frameworks/vImage.framework/Versions/A/Libraries/libCGInterfaces.dylib
0x0000000005f42000 	/System/Library/Frameworks/ApplicationServices.framework/Versions/A/Frameworks/ATS.framework/Versions/A/Resources/libTrueTypeScaler.dylib
0x0000000005f42000 	/System/Library/Extensions/AppleIntelBDWGraphicsMTLDriver.bundle/Contents/MacOS/AppleIntelBDWGraphicsMTLDriver
0x0000000005f42000 	/System/Library/PrivateFrameworks/GPUCompiler.framework/Versions/3902/Libraries/libmetal_timestamp.dylib
0x0000000005f42000 	/System/Library/PrivateFrameworks/FamilyControls.framework/Versions/A/FamilyControls
0x0000000005f42000 	/System/Library/PrivateFrameworks/CommerceKit.framework/Versions/A/Frameworks/CommerceCore.framework/Versions/A/CommerceCore
0x0000000005f42000 	/System/Library/PrivateFrameworks/SystemAdministration.framework/Versions/A/SystemAdministration
0x0000000005f42000 	/System/Library/PrivateFrameworks/AppContainer.framework/Versions/A/AppContainer
0x0000000005f42000 	/System/Library/PrivateFrameworks/AppSandbox.framework/Versions/A/AppSandbox
0x0000000005f42000 	/System/Library/PrivateFrameworks/SecCodeWrapper.framework/Versions/A/SecCodeWrapper
0x0000000005f42000 	/usr/lib/libsandbox.1.dylib
0x0000000005f42000 	/usr/lib/libMatch.1.dylib
0x0000000005f42000 	/System/Library/PrivateFrameworks/DiskManagement.framework/Versions/A/DiskManagement
0x0000000005f42000 	/System/Library/Frameworks/DirectoryService.framework/Versions/A/DirectoryService
0x0000000005f42000 	/System/Library/PrivateFrameworks/DiskImages.framework/Versions/A/DiskImages
0x0000000005f42000 	/System/Library/PrivateFrameworks/LoginUIKit.framework/Versions/A/Frameworks/LoginUICore.framework/Versions/A/LoginUICore
0x0000000005f42000 	/usr/lib/libCoreStorage.dylib
0x0000000005f42000 	/usr/lib/libcsfde.dylib
0x0000000005f42000 	/usr/lib/libodfde.dylib
0x0000000005f42000 	/System/Library/PrivateFrameworks/MediaKit.framework/Versions/A/MediaKit
0x0000000005f42000 	/System/Library/Frameworks/DiscRecording.framework/Versions/A/DiscRecording
0x0000000005f42000 	/System/Library/PrivateFrameworks/EFILogin.framework/Versions/A/EFILogin
0x0000000005f42000 	/System/Library/PrivateFrameworks/ProtectedCloudStorage.framework/Versions/A/ProtectedCloudStorage
0x0000000005f42000 	/usr/lib/libcurl.4.dylib
0x0000000005f42000 	/usr/lib/libcrypto.42.dylib
0x0000000005f42000 	/usr/lib/libssl.44.dylib
0x0000000005f42000 	/System/Library/Frameworks/LDAP.framework/Versions/A/LDAP
0x0000000005f42000 	/System/Library/PrivateFrameworks/TrustEvaluationAgent.framework/Versions/A/TrustEvaluationAgent
0x0000000005f42000 	/usr/lib/libsasl2.2.dylib
0x0000000005f42000 	/System/Library/PrivateFrameworks/CoreDaemon.framework/Versions/B/CoreDaemon
0x0000000005f42000 	/System/Library/PrivateFrameworks/AppleSRP.framework/Versions/A/AppleSRP
0x0000000005f42000 	/System/Library/PrivateFrameworks/ViewBridge.framework/Versions/A/ViewBridge
0x0000000005f42000 	/System/Library/Frameworks/OpenGL.framework/Versions/A/Resources/GLEngine.bundle/GLEngine
0x0000000005f42000 	/System/Library/Frameworks/OpenGL.framework/Versions/A/Libraries/libGLProgrammability.dylib
0x0000000005f42000 	/System/Library/Extensions/AppleIntelBDWGraphicsGLDriver.bundle/Contents/MacOS/AppleIntelBDWGraphicsGLDriver
0x0000000005f42000 	/System/Library/PrivateFrameworks/GPUSupport.framework/Versions/A/Libraries/libGPUSupportMercury.dylib
0x0000000005f42000 	/System/Library/Frameworks/OpenGL.framework/Versions/A/Resources/GLRendererFloat.bundle/GLRendererFloat
0x0000000005f42000 	/System/Library/Frameworks/OpenCL.framework/Versions/A/Libraries/libcldcpuengine.dylib
0x0000000005f42000 	/usr/lib/libcrypto.35.dylib
0x000000011f169000 	/Library/Java/JavaVirtualMachines/jdk1.8.0_112.jdk/Contents/Home/jre/lib/libfontmanager.dylib
0x000000011f1dd000 	/Library/Java/JavaVirtualMachines/jdk1.8.0_112.jdk/Contents/Home/jre/lib/libosxui.dylib
0x000000011fc02000 	/usr/lib/libobjc-trampolines.dylib

VM Arguments:
jvm_args: -Dfile.encoding=UTF-8 
java_command: colors.Drawing
java_class_path (initial): /Users/truth/coding/workspace_neon/colors/bin
Launcher Type: SUN_STANDARD

Environment Variables:
PATH=/usr/bin:/bin:/usr/sbin:/sbin
SHELL=/bin/bash

Signal Handlers:
SIGSEGV: [libjvm.dylib+0x5b11a5], sa_mask[0]=11111111011111110111111111111111, sa_flags=SA_ONSTACK|SA_RESTART|SA_SIGINFO
SIGBUS: [libjvm.dylib+0x5b11a5], sa_mask[0]=11111111011111110111111111111111, sa_flags=SA_RESTART|SA_SIGINFO
SIGFPE: [libjvm.dylib+0x487dc0], sa_mask[0]=11111111011111110111111111111111, sa_flags=SA_RESTART|SA_SIGINFO
SIGPIPE: [libjvm.dylib+0x487dc0], sa_mask[0]=11111111011111110111111111111111, sa_flags=SA_RESTART|SA_SIGINFO
SIGXFSZ: [libjvm.dylib+0x487dc0], sa_mask[0]=11111111011111110111111111111111, sa_flags=SA_RESTART|SA_SIGINFO
SIGILL: [libjvm.dylib+0x487dc0], sa_mask[0]=11111111011111110111111111111111, sa_flags=SA_RESTART|SA_SIGINFO
SIGUSR1: SIG_DFL, sa_mask[0]=00000000000000000000000000000000, sa_flags=none
SIGUSR2: [libjvm.dylib+0x4878de], sa_mask[0]=00100000000000000000000000000000, sa_flags=SA_RESTART|SA_SIGINFO
SIGHUP: [libjvm.dylib+0x485eb5], sa_mask[0]=11111111011111110111111111111111, sa_flags=SA_RESTART|SA_SIGINFO
SIGINT: [libjvm.dylib+0x485eb5], sa_mask[0]=11111111011111110111111111111111, sa_flags=SA_RESTART|SA_SIGINFO
SIGTERM: [libjvm.dylib+0x485eb5], sa_mask[0]=11111111011111110111111111111111, sa_flags=SA_RESTART|SA_SIGINFO
SIGQUIT: [libjvm.dylib+0x485eb5], sa_mask[0]=11111111011111110111111111111111, sa_flags=SA_RESTART|SA_SIGINFO


---------------  S Y S T E M  ---------------

OS:Bsduname:Darwin 18.6.0 Darwin Kernel Version 18.6.0: Thu Apr 25 23:16:27 PDT 2019; root:xnu-4903.261.4~2/RELEASE_X86_64 x86_64
rlimit: STACK 8192k, CORE 0k, NPROC 709, NOFILE 10240, AS infinity
load average:0.73 1.70 2.09

CPU:total 4 (2 cores per cpu, 2 threads per core) family 6 model 61 stepping 4, cmov, cx8, fxsr, mmx, sse, sse2, sse3, ssse3, sse4.1, sse4.2, popcnt, avx, avx2, aes, clmul, erms, rtm, 3dnowpref, lzcnt, ht, tsc, tscinvbit, bmi1, bmi2, adx

Memory: 4k page, physical 8388608k(335048k free)

/proc/meminfo:


vm_info: Java HotSpot(TM) 64-Bit Server VM (25.112-b16) for bsd-amd64 JRE (1.8.0_112-b16), built on Sep 30 2016 22:41:41 by "java_re" with gcc 4.2.1 (Based on Apple Inc. build 5658) (LLVM build 2336.11.00)

time: Sun Jun 30 16:38:13 2019
elapsed time: 20131 seconds (0d 5h 35m 31s)

